0 info it worked if it ends with ok
1 verbose cli [ 'D:\\Program Files (x86)\\nodejs\\node.exe',
1 verbose cli   'D:\\Program Files (x86)\\nodeJs\\node_modules\\npm\\bin\\npm-cli.js',
1 verbose cli   'install',
1 verbose cli   'react-bhy-loading',
1 verbose cli   '--save' ]
2 info using npm@3.6.0
3 info using node@v5.7.0
4 silly loadCurrentTree Starting
5 silly install loadCurrentTree
6 silly install readLocalPackageData
7 silly fetchPackageMetaData react-bhy-loading
8 silly fetchNamedPackageData react-bhy-loading
9 silly mapToRegistry name react-bhy-loading
10 silly mapToRegistry using default registry
11 silly mapToRegistry registry https://registry.npm.taobao.org/
12 silly mapToRegistry uri https://registry.npm.taobao.org/react-bhy-loading
13 verbose request uri https://registry.npm.taobao.org/react-bhy-loading
14 verbose request no auth needed
15 info attempt registry request try #1 at 10:04:44
16 verbose request id a5b39f1e8f186138
17 verbose etag "a02-ALXSNzdRjuMvaU7ocJotUj/XUrM"
18 http request GET https://registry.npm.taobao.org/react-bhy-loading
19 http 304 https://registry.npm.taobao.org/react-bhy-loading
20 verbose headers { date: 'Thu, 18 May 2017 02:05:12 GMT',
20 verbose headers   connection: 'keep-alive',
20 verbose headers   'x-current-requests': '1',
20 verbose headers   etag: '"a02-ALXSNzdRjuMvaU7ocJotUj/XUrM"',
20 verbose headers   'x-readtime': '34' }
21 silly get cb [ 304,
21 silly get   { date: 'Thu, 18 May 2017 02:05:12 GMT',
21 silly get     connection: 'keep-alive',
21 silly get     'x-current-requests': '1',
21 silly get     etag: '"a02-ALXSNzdRjuMvaU7ocJotUj/XUrM"',
21 silly get     'x-readtime': '34' } ]
22 verbose etag https://registry.npm.taobao.org/react-bhy-loading from cache
23 verbose get saving react-bhy-loading to C:\Users\baohaoyu\AppData\Roaming\npm-cache\registry.npm.taobao.org\react-bhy-loading\.cache.json
24 verbose correctMkdir C:\Users\baohaoyu\AppData\Roaming\npm-cache correctMkdir not in flight; initializing
25 silly install normalizeTree
26 silly loadCurrentTree Finishing
27 silly loadIdealTree Starting
28 silly install loadIdealTree
29 silly cloneCurrentTree Starting
30 silly install cloneCurrentTreeToIdealTree
31 silly cloneCurrentTree Finishing
32 silly loadShrinkwrap Starting
33 silly install loadShrinkwrap
34 silly loadShrinkwrap Finishing
35 silly loadAllDepsIntoIdealTree Starting
36 silly install loadAllDepsIntoIdealTree
37 silly rollbackFailedOptional Starting
38 silly rollbackFailedOptional Finishing
39 silly runTopLevelLifecycles Starting
40 silly runTopLevelLifecycles Finishing
41 silly install printInstalled
42 verbose stack Error: Refusing to install react-bhy-loading as a dependency of itself
42 verbose stack     at checkSelf (D:\Program Files (x86)\nodeJs\node_modules\npm\lib\install\validate-args.js:53:14)
42 verbose stack     at Array.<anonymous> (D:\Program Files (x86)\nodeJs\node_modules\npm\node_modules\slide\lib\bind-actor.js:15:8)
42 verbose stack     at LOOP (D:\Program Files (x86)\nodeJs\node_modules\npm\node_modules\slide\lib\chain.js:15:14)
42 verbose stack     at chain (D:\Program Files (x86)\nodeJs\node_modules\npm\node_modules\slide\lib\chain.js:20:5)
42 verbose stack     at D:\Program Files (x86)\nodeJs\node_modules\npm\lib\install\validate-args.js:16:5
42 verbose stack     at D:\Program Files (x86)\nodeJs\node_modules\npm\node_modules\slide\lib\async-map.js:52:35
42 verbose stack     at Array.forEach (native)
42 verbose stack     at D:\Program Files (x86)\nodeJs\node_modules\npm\node_modules\slide\lib\async-map.js:52:11
42 verbose stack     at Array.forEach (native)
42 verbose stack     at asyncMap (D:\Program Files (x86)\nodeJs\node_modules\npm\node_modules\slide\lib\async-map.js:51:8)
43 verbose cwd D:\bhy\git\react-loading
44 error Windows_NT 10.0.14393
45 error argv "D:\\Program Files (x86)\\nodejs\\node.exe" "D:\\Program Files (x86)\\nodeJs\\node_modules\\npm\\bin\\npm-cli.js" "install" "react-bhy-loading" "--save"
46 error node v5.7.0
47 error npm  v3.6.0
48 error code ENOSELF
49 error Refusing to install react-bhy-loading as a dependency of itself
50 error If you need help, you may report this error at:
50 error     <https://github.com/npm/npm/issues>
51 verbose exit [ 1, true ]
